2023-07-29 17:48:22,552 - INFO - CPU Usage: 9.1%
2023-07-29 17:48:22,552 - INFO - Memory Usage: 68.2%
2023-07-29 17:48:22,552 - INFO - Disk Usage: 90.2%
2023-07-29 17:48:22,552 - WARNING - Scale up your system: Device usage is more than 80% at 2023-07-29 17:48:22.
2023-07-29 17:48:22,577 - INFO - [31m[1mWARNING: This is a development server. Do not use it in a production deployment. Use a production WSGI server instead.[0m
 * Running on http://127.0.0.1:5000
2023-07-29 17:48:22,578 - INFO - [33mPress CTRL+C to quit[0m
2023-07-29 17:48:22,593 - INFO -  * Restarting with watchdog (windowsapi)
2023-07-29 17:48:22,966 - INFO - CPU Usage: 10.5%
2023-07-29 17:48:22,966 - INFO - Memory Usage: 68.5%
2023-07-29 17:48:22,966 - INFO - Disk Usage: 90.2%
2023-07-29 17:48:22,967 - WARNING - Scale up your system: Device usage is more than 80% at 2023-07-29 17:48:22.
2023-07-29 17:48:22,975 - WARNING -  * Debugger is active!
2023-07-29 17:48:22,976 - INFO -  * Debugger PIN: 589-456-550
2023-07-29 17:48:23,932 - INFO - 127.0.0.1 - - [29/Jul/2023 17:48:23] "GET /get_metrics HTTP/1.1" 200 -
2023-07-29 17:48:24,553 - INFO - CPU Usage: 11.3%
2023-07-29 17:48:24,553 - INFO - Memory Usage: 68.9%
2023-07-29 17:48:24,553 - INFO - Disk Usage: 90.2%
2023-07-29 17:48:24,553 - WARNING - Scale up your system: Device usage is more than 80% at 2023-07-29 17:48:24.
2023-07-29 17:48:24,968 - INFO - CPU Usage: 11.5%
2023-07-29 17:48:24,969 - INFO - Memory Usage: 68.9%
2023-07-29 17:48:24,969 - INFO - Disk Usage: 90.2%
2023-07-29 17:48:24,969 - WARNING - Scale up your system: Device usage is more than 80% at 2023-07-29 17:48:24.
2023-07-29 17:48:25,047 - INFO - 127.0.0.1 - - [29/Jul/2023 17:48:25] "GET /get_metrics HTTP/1.1" 200 -
2023-07-29 17:48:26,554 - INFO - CPU Usage: 6.5%
2023-07-29 17:48:26,554 - INFO - Memory Usage: 68.8%
2023-07-29 17:48:26,554 - INFO - Disk Usage: 90.2%
2023-07-29 17:48:26,554 - WARNING - Scale up your system: Device usage is more than 80% at 2023-07-29 17:48:26.
2023-07-29 17:48:26,970 - INFO - CPU Usage: 4.0%
2023-07-29 17:48:26,970 - INFO - Memory Usage: 68.8%
2023-07-29 17:48:26,970 - INFO - Disk Usage: 90.2%
2023-07-29 17:48:26,970 - WARNING - Scale up your system: Device usage is more than 80% at 2023-07-29 17:48:26.
2023-07-29 17:48:27,937 - INFO - 127.0.0.1 - - [29/Jul/2023 17:48:27] "GET /get_metrics HTTP/1.1" 200 -
2023-07-29 17:48:28,555 - INFO - CPU Usage: 6.3%
2023-07-29 17:48:28,555 - INFO - Memory Usage: 68.8%
2023-07-29 17:48:28,555 - INFO - Disk Usage: 90.2%
2023-07-29 17:48:28,556 - WARNING - Scale up your system: Device usage is more than 80% at 2023-07-29 17:48:28.
2023-07-29 17:48:28,971 - INFO - CPU Usage: 12.1%
2023-07-29 17:48:28,971 - INFO - Memory Usage: 68.9%
2023-07-29 17:48:28,971 - INFO - Disk Usage: 90.2%
2023-07-29 17:48:28,972 - WARNING - Scale up your system: Device usage is more than 80% at 2023-07-29 17:48:28.
2023-07-29 17:48:29,933 - INFO - 127.0.0.1 - - [29/Jul/2023 17:48:29] "GET /get_metrics HTTP/1.1" 200 -
2023-07-29 17:48:30,557 - INFO - CPU Usage: 4.0%
2023-07-29 17:48:30,557 - INFO - Memory Usage: 68.9%
2023-07-29 17:48:30,557 - INFO - Disk Usage: 90.2%
2023-07-29 17:48:30,558 - WARNING - Scale up your system: Device usage is more than 80% at 2023-07-29 17:48:30.
2023-07-29 17:48:30,972 - INFO - CPU Usage: 2.3%
2023-07-29 17:48:30,973 - INFO - Memory Usage: 68.9%
2023-07-29 17:48:30,973 - INFO - Disk Usage: 90.2%
2023-07-29 17:48:30,973 - WARNING - Scale up your system: Device usage is more than 80% at 2023-07-29 17:48:30.
2023-07-29 17:48:31,941 - INFO - 127.0.0.1 - - [29/Jul/2023 17:48:31] "GET /get_metrics HTTP/1.1" 200 -
2023-07-29 17:48:32,559 - INFO - CPU Usage: 2.7%
2023-07-29 17:48:32,559 - INFO - Memory Usage: 68.9%
2023-07-29 17:48:32,559 - INFO - Disk Usage: 90.2%
2023-07-29 17:48:32,559 - WARNING - Scale up your system: Device usage is more than 80% at 2023-07-29 17:48:32.
2023-07-29 17:48:32,974 - INFO - CPU Usage: 1.7%
2023-07-29 17:48:32,974 - INFO - Memory Usage: 68.9%
2023-07-29 17:48:32,974 - INFO - Disk Usage: 90.2%
2023-07-29 17:48:32,974 - WARNING - Scale up your system: Device usage is more than 80% at 2023-07-29 17:48:32.
2023-07-29 17:48:33,943 - INFO - 127.0.0.1 - - [29/Jul/2023 17:48:33] "GET /get_metrics HTTP/1.1" 200 -
2023-07-29 17:48:34,559 - INFO - CPU Usage: 2.0%
2023-07-29 17:48:34,559 - INFO - Memory Usage: 68.7%
2023-07-29 17:48:34,559 - INFO - Disk Usage: 90.2%
2023-07-29 17:48:34,559 - WARNING - Scale up your system: Device usage is more than 80% at 2023-07-29 17:48:34.
2023-07-29 17:48:34,975 - INFO - CPU Usage: 3.0%
2023-07-29 17:48:34,975 - INFO - Memory Usage: 68.7%
2023-07-29 17:48:34,975 - INFO - Disk Usage: 90.2%
2023-07-29 17:48:34,975 - WARNING - Scale up your system: Device usage is more than 80% at 2023-07-29 17:48:34.
2023-07-29 17:48:35,937 - INFO - 127.0.0.1 - - [29/Jul/2023 17:48:35] "GET /get_metrics HTTP/1.1" 200 -
2023-07-29 17:48:36,560 - INFO - CPU Usage: 2.3%
2023-07-29 17:48:36,560 - INFO - Memory Usage: 68.7%
2023-07-29 17:48:36,560 - INFO - Disk Usage: 90.2%
2023-07-29 17:48:36,560 - WARNING - Scale up your system: Device usage is more than 80% at 2023-07-29 17:48:36.
2023-07-29 17:48:36,975 - INFO - CPU Usage: 2.4%
2023-07-29 17:48:36,975 - INFO - Memory Usage: 68.7%
2023-07-29 17:48:36,975 - INFO - Disk Usage: 90.2%
2023-07-29 17:48:36,975 - WARNING - Scale up your system: Device usage is more than 80% at 2023-07-29 17:48:36.
2023-07-29 17:48:37,930 - INFO - 127.0.0.1 - - [29/Jul/2023 17:48:37] "GET /get_metrics HTTP/1.1" 200 -
2023-07-29 17:48:38,561 - INFO - CPU Usage: 3.4%
2023-07-29 17:48:38,561 - INFO - Memory Usage: 68.7%
2023-07-29 17:48:38,561 - INFO - Disk Usage: 90.2%
2023-07-29 17:48:38,562 - WARNING - Scale up your system: Device usage is more than 80% at 2023-07-29 17:48:38.
2023-07-29 17:48:38,977 - INFO - CPU Usage: 3.3%
2023-07-29 17:48:38,977 - INFO - Memory Usage: 68.7%
2023-07-29 17:48:38,977 - INFO - Disk Usage: 90.2%
2023-07-29 17:48:38,978 - WARNING - Scale up your system: Device usage is more than 80% at 2023-07-29 17:48:38.
2023-07-29 17:48:39,936 - INFO - 127.0.0.1 - - [29/Jul/2023 17:48:39] "GET /get_metrics HTTP/1.1" 200 -
2023-07-29 17:48:40,562 - INFO - CPU Usage: 8.2%
2023-07-29 17:48:40,562 - INFO - Memory Usage: 68.9%
2023-07-29 17:48:40,562 - INFO - Disk Usage: 90.2%
2023-07-29 17:48:40,562 - WARNING - Scale up your system: Device usage is more than 80% at 2023-07-29 17:48:40.
2023-07-29 17:48:40,979 - INFO - CPU Usage: 2.3%
2023-07-29 17:48:40,979 - INFO - Memory Usage: 68.9%
2023-07-29 17:48:40,979 - INFO - Disk Usage: 90.2%
2023-07-29 17:48:40,979 - WARNING - Scale up your system: Device usage is more than 80% at 2023-07-29 17:48:40.
2023-07-29 17:48:41,939 - INFO - 127.0.0.1 - - [29/Jul/2023 17:48:41] "GET /get_metrics HTTP/1.1" 200 -
2023-07-29 17:48:42,563 - INFO - CPU Usage: 2.5%
2023-07-29 17:48:42,563 - INFO - Memory Usage: 68.9%
2023-07-29 17:48:42,563 - INFO - Disk Usage: 90.2%
2023-07-29 17:48:42,563 - WARNING - Scale up your system: Device usage is more than 80% at 2023-07-29 17:48:42.
2023-07-29 17:48:42,979 - INFO - CPU Usage: 1.7%
2023-07-29 17:48:42,980 - INFO - Memory Usage: 68.9%
2023-07-29 17:48:42,980 - INFO - Disk Usage: 90.2%
2023-07-29 17:48:42,980 - WARNING - Scale up your system: Device usage is more than 80% at 2023-07-29 17:48:42.
2023-07-29 17:48:43,937 - INFO - 127.0.0.1 - - [29/Jul/2023 17:48:43] "GET /get_metrics HTTP/1.1" 200 -
2023-07-29 17:48:44,565 - INFO - CPU Usage: 1.6%
2023-07-29 17:48:44,565 - INFO - Memory Usage: 68.8%
2023-07-29 17:48:44,565 - INFO - Disk Usage: 90.2%
2023-07-29 17:48:44,565 - WARNING - Scale up your system: Device usage is more than 80% at 2023-07-29 17:48:44.
2023-07-29 17:48:44,981 - INFO - CPU Usage: 1.0%
2023-07-29 17:48:44,981 - INFO - Memory Usage: 68.8%
2023-07-29 17:48:44,981 - INFO - Disk Usage: 90.2%
2023-07-29 17:48:44,981 - WARNING - Scale up your system: Device usage is more than 80% at 2023-07-29 17:48:44.
2023-07-29 17:48:45,938 - INFO - 127.0.0.1 - - [29/Jul/2023 17:48:45] "GET /get_metrics HTTP/1.1" 200 -
2023-07-29 17:48:46,566 - INFO - CPU Usage: 2.0%
2023-07-29 17:48:46,566 - INFO - Memory Usage: 68.8%
2023-07-29 17:48:46,566 - INFO - Disk Usage: 90.2%
2023-07-29 17:48:46,566 - WARNING - Scale up your system: Device usage is more than 80% at 2023-07-29 17:48:46.
2023-07-29 17:48:46,982 - INFO - CPU Usage: 1.7%
2023-07-29 17:48:46,982 - INFO - Memory Usage: 68.8%
2023-07-29 17:48:46,982 - INFO - Disk Usage: 90.2%
2023-07-29 17:48:46,982 - WARNING - Scale up your system: Device usage is more than 80% at 2023-07-29 17:48:46.
2023-07-29 17:48:47,936 - INFO - 127.0.0.1 - - [29/Jul/2023 17:48:47] "GET /get_metrics HTTP/1.1" 200 -
2023-07-29 17:48:48,567 - INFO - CPU Usage: 2.6%
2023-07-29 17:48:48,567 - INFO - Memory Usage: 68.8%
2023-07-29 17:48:48,567 - INFO - Disk Usage: 90.2%
2023-07-29 17:48:48,567 - WARNING - Scale up your system: Device usage is more than 80% at 2023-07-29 17:48:48.
2023-07-29 17:48:48,983 - INFO - CPU Usage: 3.0%
2023-07-29 17:48:48,983 - INFO - Memory Usage: 68.8%
2023-07-29 17:48:48,983 - INFO - Disk Usage: 90.2%
2023-07-29 17:48:48,984 - WARNING - Scale up your system: Device usage is more than 80% at 2023-07-29 17:48:48.
2023-07-29 17:48:49,938 - INFO - 127.0.0.1 - - [29/Jul/2023 17:48:49] "GET /get_metrics HTTP/1.1" 200 -
2023-07-29 17:48:50,569 - INFO - CPU Usage: 5.3%
2023-07-29 17:48:50,569 - INFO - Memory Usage: 68.7%
2023-07-29 17:48:50,569 - INFO - Disk Usage: 90.2%
2023-07-29 17:48:50,569 - WARNING - Scale up your system: Device usage is more than 80% at 2023-07-29 17:48:50.
2023-07-29 17:48:50,986 - INFO - CPU Usage: 4.9%
2023-07-29 17:48:50,986 - INFO - Memory Usage: 68.8%
2023-07-29 17:48:50,986 - INFO - Disk Usage: 90.2%
2023-07-29 17:48:50,987 - WARNING - Scale up your system: Device usage is more than 80% at 2023-07-29 17:48:50.
2023-07-29 17:48:51,929 - INFO - 127.0.0.1 - - [29/Jul/2023 17:48:51] "GET /get_metrics HTTP/1.1" 200 -
2023-07-29 17:48:52,570 - INFO - CPU Usage: 2.6%
2023-07-29 17:48:52,570 - INFO - Memory Usage: 68.8%
2023-07-29 17:48:52,570 - INFO - Disk Usage: 90.2%
2023-07-29 17:48:52,570 - WARNING - Scale up your system: Device usage is more than 80% at 2023-07-29 17:48:52.
2023-07-29 17:48:52,987 - INFO - CPU Usage: 1.7%
2023-07-29 17:48:52,987 - INFO - Memory Usage: 68.8%
2023-07-29 17:48:52,987 - INFO - Disk Usage: 90.2%
2023-07-29 17:48:52,987 - WARNING - Scale up your system: Device usage is more than 80% at 2023-07-29 17:48:52.
2023-07-29 17:48:53,931 - INFO - 127.0.0.1 - - [29/Jul/2023 17:48:53] "GET /get_metrics HTTP/1.1" 200 -
2023-07-29 17:48:54,572 - INFO - CPU Usage: 2.2%
2023-07-29 17:48:54,572 - INFO - Memory Usage: 68.8%
2023-07-29 17:48:54,572 - INFO - Disk Usage: 90.2%
2023-07-29 17:48:54,572 - WARNING - Scale up your system: Device usage is more than 80% at 2023-07-29 17:48:54.
2023-07-29 17:48:54,989 - INFO - CPU Usage: 3.2%
2023-07-29 17:48:54,989 - INFO - Memory Usage: 68.8%
2023-07-29 17:48:54,989 - INFO - Disk Usage: 90.2%
2023-07-29 17:48:54,990 - WARNING - Scale up your system: Device usage is more than 80% at 2023-07-29 17:48:54.
2023-07-29 17:48:55,935 - INFO - 127.0.0.1 - - [29/Jul/2023 17:48:55] "GET /get_metrics HTTP/1.1" 200 -
2023-07-29 17:48:56,573 - INFO - CPU Usage: 5.1%
2023-07-29 17:48:56,574 - INFO - Memory Usage: 69.0%
2023-07-29 17:48:56,574 - INFO - Disk Usage: 90.2%
2023-07-29 17:48:56,574 - WARNING - Scale up your system: Device usage is more than 80% at 2023-07-29 17:48:56.
2023-07-29 17:48:56,991 - INFO - CPU Usage: 11.6%
2023-07-29 17:48:56,991 - INFO - Memory Usage: 69.0%
2023-07-29 17:48:56,991 - INFO - Disk Usage: 90.2%
2023-07-29 17:48:56,991 - WARNING - Scale up your system: Device usage is more than 80% at 2023-07-29 17:48:56.
2023-07-29 17:48:57,932 - INFO - 127.0.0.1 - - [29/Jul/2023 17:48:57] "GET /get_metrics HTTP/1.1" 200 -
2023-07-29 17:48:58,575 - INFO - CPU Usage: 6.0%
2023-07-29 17:48:58,575 - INFO - Memory Usage: 69.1%
2023-07-29 17:48:58,575 - INFO - Disk Usage: 90.2%
2023-07-29 17:48:58,575 - WARNING - Scale up your system: Device usage is more than 80% at 2023-07-29 17:48:58.
2023-07-29 17:48:58,992 - INFO - CPU Usage: 3.5%
2023-07-29 17:48:58,992 - INFO - Memory Usage: 69.1%
2023-07-29 17:48:58,992 - INFO - Disk Usage: 90.2%
2023-07-29 17:48:58,992 - WARNING - Scale up your system: Device usage is more than 80% at 2023-07-29 17:48:58.
2023-07-29 17:48:59,940 - INFO - 127.0.0.1 - - [29/Jul/2023 17:48:59] "GET /get_metrics HTTP/1.1" 200 -
2023-07-29 17:49:00,576 - INFO - CPU Usage: 4.0%
2023-07-29 17:49:00,576 - INFO - Memory Usage: 69.1%
2023-07-29 17:49:00,576 - INFO - Disk Usage: 90.2%
2023-07-29 17:49:00,576 - WARNING - Scale up your system: Device usage is more than 80% at 2023-07-29 17:49:00.
2023-07-29 17:49:00,992 - INFO - CPU Usage: 4.1%
2023-07-29 17:49:00,992 - INFO - Memory Usage: 69.1%
2023-07-29 17:49:00,992 - INFO - Disk Usage: 90.2%
2023-07-29 17:49:00,992 - WARNING - Scale up your system: Device usage is more than 80% at 2023-07-29 17:49:00.
2023-07-29 17:49:01,941 - INFO - 127.0.0.1 - - [29/Jul/2023 17:49:01] "GET /get_metrics HTTP/1.1" 200 -
2023-07-29 17:49:02,578 - INFO - CPU Usage: 3.6%
2023-07-29 17:49:02,578 - INFO - Memory Usage: 69.0%
2023-07-29 17:49:02,578 - INFO - Disk Usage: 90.2%
2023-07-29 17:49:02,578 - WARNING - Scale up your system: Device usage is more than 80% at 2023-07-29 17:49:02.
2023-07-29 17:49:02,993 - INFO - CPU Usage: 3.4%
2023-07-29 17:49:02,993 - INFO - Memory Usage: 69.0%
2023-07-29 17:49:02,994 - INFO - Disk Usage: 90.2%
2023-07-29 17:49:02,994 - WARNING - Scale up your system: Device usage is more than 80% at 2023-07-29 17:49:02.
2023-07-29 17:49:03,932 - INFO - 127.0.0.1 - - [29/Jul/2023 17:49:03] "GET /get_metrics HTTP/1.1" 200 -
2023-07-29 17:49:04,579 - INFO - CPU Usage: 3.8%
2023-07-29 17:49:04,579 - INFO - Memory Usage: 69.0%
2023-07-29 17:49:04,579 - INFO - Disk Usage: 90.2%
2023-07-29 17:49:04,579 - WARNING - Scale up your system: Device usage is more than 80% at 2023-07-29 17:49:04.
2023-07-29 17:49:04,998 - INFO - CPU Usage: 1.3%
2023-07-29 17:49:04,998 - INFO - Memory Usage: 69.1%
2023-07-29 17:49:04,998 - INFO - Disk Usage: 90.2%
2023-07-29 17:49:04,998 - WARNING - Scale up your system: Device usage is more than 80% at 2023-07-29 17:49:04.
2023-07-29 17:49:05,932 - INFO - 127.0.0.1 - - [29/Jul/2023 17:49:05] "GET /get_metrics HTTP/1.1" 200 -
2023-07-29 17:49:06,580 - INFO - CPU Usage: 3.8%
2023-07-29 17:49:06,580 - INFO - Memory Usage: 69.0%
2023-07-29 17:49:06,580 - INFO - Disk Usage: 90.2%
2023-07-29 17:49:06,581 - WARNING - Scale up your system: Device usage is more than 80% at 2023-07-29 17:49:06.
2023-07-29 17:49:06,999 - INFO - CPU Usage: 5.1%
2023-07-29 17:49:06,999 - INFO - Memory Usage: 69.0%
2023-07-29 17:49:06,999 - INFO - Disk Usage: 90.2%
2023-07-29 17:49:06,999 - WARNING - Scale up your system: Device usage is more than 80% at 2023-07-29 17:49:06.
2023-07-29 17:49:07,932 - INFO - 127.0.0.1 - - [29/Jul/2023 17:49:07] "GET /get_metrics HTTP/1.1" 200 -
2023-07-29 17:49:08,583 - INFO - CPU Usage: 2.3%
2023-07-29 17:49:08,583 - INFO - Memory Usage: 69.0%
2023-07-29 17:49:08,583 - INFO - Disk Usage: 90.2%
2023-07-29 17:49:08,583 - WARNING - Scale up your system: Device usage is more than 80% at 2023-07-29 17:49:08.
2023-07-29 17:49:09,000 - INFO - CPU Usage: 2.2%
2023-07-29 17:49:09,000 - INFO - Memory Usage: 69.0%
2023-07-29 17:49:09,000 - INFO - Disk Usage: 90.2%
2023-07-29 17:49:09,001 - WARNING - Scale up your system: Device usage is more than 80% at 2023-07-29 17:49:09.
2023-07-29 17:49:09,940 - INFO - 127.0.0.1 - - [29/Jul/2023 17:49:09] "GET /get_metrics HTTP/1.1" 200 -
2023-07-29 17:49:10,584 - INFO - CPU Usage: 3.2%
2023-07-29 17:49:10,585 - INFO - Memory Usage: 68.9%
2023-07-29 17:49:10,585 - INFO - Disk Usage: 90.2%
2023-07-29 17:49:10,585 - WARNING - Scale up your system: Device usage is more than 80% at 2023-07-29 17:49:10.
2023-07-29 17:49:11,002 - INFO - CPU Usage: 4.1%
2023-07-29 17:49:11,002 - INFO - Memory Usage: 69.0%
2023-07-29 17:49:11,002 - INFO - Disk Usage: 90.2%
2023-07-29 17:49:11,002 - WARNING - Scale up your system: Device usage is more than 80% at 2023-07-29 17:49:11.
2023-07-29 17:49:11,942 - INFO - 127.0.0.1 - - [29/Jul/2023 17:49:11] "GET /get_metrics HTTP/1.1" 200 -
2023-07-29 17:49:12,585 - INFO - CPU Usage: 3.7%
2023-07-29 17:49:12,585 - INFO - Memory Usage: 69.3%
2023-07-29 17:49:12,585 - INFO - Disk Usage: 90.2%
2023-07-29 17:49:12,585 - WARNING - Scale up your system: Device usage is more than 80% at 2023-07-29 17:49:12.
2023-07-29 17:49:13,002 - INFO - CPU Usage: 2.1%
2023-07-29 17:49:13,002 - INFO - Memory Usage: 69.4%
2023-07-29 17:49:13,002 - INFO - Disk Usage: 90.2%
2023-07-29 17:49:13,002 - WARNING - Scale up your system: Device usage is more than 80% at 2023-07-29 17:49:13.
2023-07-29 17:49:13,939 - INFO - 127.0.0.1 - - [29/Jul/2023 17:49:13] "GET /get_metrics HTTP/1.1" 200 -
2023-07-29 17:49:14,586 - INFO - CPU Usage: 3.6%
2023-07-29 17:49:14,586 - INFO - Memory Usage: 69.6%
2023-07-29 17:49:14,586 - INFO - Disk Usage: 90.2%
2023-07-29 17:49:14,586 - WARNING - Scale up your system: Device usage is more than 80% at 2023-07-29 17:49:14.
2023-07-29 17:49:15,003 - INFO - CPU Usage: 11.3%
2023-07-29 17:49:15,003 - INFO - Memory Usage: 69.5%
2023-07-29 17:49:15,003 - INFO - Disk Usage: 90.2%
2023-07-29 17:49:15,003 - WARNING - Scale up your system: Device usage is more than 80% at 2023-07-29 17:49:15.
2023-07-29 17:49:15,939 - INFO - 127.0.0.1 - - [29/Jul/2023 17:49:15] "GET /get_metrics HTTP/1.1" 200 -
2023-07-29 17:49:16,587 - INFO - CPU Usage: 8.3%
2023-07-29 17:49:16,588 - INFO - Memory Usage: 69.3%
2023-07-29 17:49:16,588 - INFO - Disk Usage: 90.2%
2023-07-29 17:49:16,588 - WARNING - Scale up your system: Device usage is more than 80% at 2023-07-29 17:49:16.
2023-07-29 17:49:17,005 - INFO - CPU Usage: 3.4%
2023-07-29 17:49:17,005 - INFO - Memory Usage: 69.3%
2023-07-29 17:49:17,005 - INFO - Disk Usage: 90.2%
2023-07-29 17:49:17,005 - WARNING - Scale up your system: Device usage is more than 80% at 2023-07-29 17:49:17.
2023-07-29 17:49:17,942 - INFO - 127.0.0.1 - - [29/Jul/2023 17:49:17] "GET /get_metrics HTTP/1.1" 200 -
2023-07-29 17:49:18,588 - INFO - CPU Usage: 3.7%
2023-07-29 17:49:18,588 - INFO - Memory Usage: 69.2%
2023-07-29 17:49:18,588 - INFO - Disk Usage: 90.2%
2023-07-29 17:49:18,588 - WARNING - Scale up your system: Device usage is more than 80% at 2023-07-29 17:49:18.
2023-07-29 17:49:19,006 - INFO - CPU Usage: 3.3%
2023-07-29 17:49:19,006 - INFO - Memory Usage: 69.1%
2023-07-29 17:49:19,006 - INFO - Disk Usage: 90.2%
2023-07-29 17:49:19,006 - WARNING - Scale up your system: Device usage is more than 80% at 2023-07-29 17:49:19.
2023-07-29 17:49:19,939 - INFO - 127.0.0.1 - - [29/Jul/2023 17:49:19] "GET /get_metrics HTTP/1.1" 200 -
2023-07-29 17:49:20,590 - INFO - CPU Usage: 8.3%
2023-07-29 17:49:20,591 - INFO - Memory Usage: 69.4%
2023-07-29 17:49:20,591 - INFO - Disk Usage: 90.2%
2023-07-29 17:49:20,591 - WARNING - Scale up your system: Device usage is more than 80% at 2023-07-29 17:49:20.
2023-07-29 17:49:21,007 - INFO - CPU Usage: 8.2%
2023-07-29 17:49:21,007 - INFO - Memory Usage: 69.4%
2023-07-29 17:49:21,007 - INFO - Disk Usage: 90.2%
2023-07-29 17:49:21,007 - WARNING - Scale up your system: Device usage is more than 80% at 2023-07-29 17:49:21.
2023-07-29 17:49:21,936 - INFO - 127.0.0.1 - - [29/Jul/2023 17:49:21] "GET /get_metrics HTTP/1.1" 200 -
2023-07-29 17:49:22,592 - INFO - CPU Usage: 1.8%
2023-07-29 17:49:22,592 - INFO - Memory Usage: 69.4%
2023-07-29 17:49:22,592 - INFO - Disk Usage: 90.2%
2023-07-29 17:49:22,592 - WARNING - Scale up your system: Device usage is more than 80% at 2023-07-29 17:49:22.
2023-07-29 17:49:23,008 - INFO - CPU Usage: 1.8%
2023-07-29 17:49:23,008 - INFO - Memory Usage: 69.3%
2023-07-29 17:49:23,008 - INFO - Disk Usage: 90.2%
2023-07-29 17:49:23,009 - WARNING - Scale up your system: Device usage is more than 80% at 2023-07-29 17:49:23.
2023-07-29 17:49:23,941 - INFO - 127.0.0.1 - - [29/Jul/2023 17:49:23] "GET /get_metrics HTTP/1.1" 200 -
2023-07-29 17:49:24,594 - INFO - CPU Usage: 3.6%
2023-07-29 17:49:24,594 - INFO - Memory Usage: 69.3%
2023-07-29 17:49:24,594 - INFO - Disk Usage: 90.2%
2023-07-29 17:49:24,594 - WARNING - Scale up your system: Device usage is more than 80% at 2023-07-29 17:49:24.
2023-07-29 17:49:25,009 - INFO - CPU Usage: 7.3%
2023-07-29 17:49:25,009 - INFO - Memory Usage: 69.3%
2023-07-29 17:49:25,009 - INFO - Disk Usage: 90.2%
2023-07-29 17:49:25,009 - WARNING - Scale up your system: Device usage is more than 80% at 2023-07-29 17:49:25.
2023-07-29 17:49:25,944 - INFO - 127.0.0.1 - - [29/Jul/2023 17:49:25] "GET /get_metrics HTTP/1.1" 200 -
2023-07-29 17:49:26,596 - INFO - CPU Usage: 4.4%
2023-07-29 17:49:26,597 - INFO - Memory Usage: 69.1%
2023-07-29 17:49:26,597 - INFO - Disk Usage: 90.2%
2023-07-29 17:49:26,597 - WARNING - Scale up your system: Device usage is more than 80% at 2023-07-29 17:49:26.
2023-07-29 17:49:27,011 - INFO - CPU Usage: 3.4%
2023-07-29 17:49:27,011 - INFO - Memory Usage: 69.1%
2023-07-29 17:49:27,011 - INFO - Disk Usage: 90.2%
2023-07-29 17:49:27,011 - WARNING - Scale up your system: Device usage is more than 80% at 2023-07-29 17:49:27.
2023-07-29 17:49:28,597 - INFO - CPU Usage: 2.8%
2023-07-29 17:49:28,597 - INFO - Memory Usage: 68.9%
2023-07-29 17:49:28,598 - INFO - Disk Usage: 90.2%
2023-07-29 17:49:28,598 - WARNING - Scale up your system: Device usage is more than 80% at 2023-07-29 17:49:28.
2023-07-29 17:49:29,012 - INFO - CPU Usage: 2.7%
2023-07-29 17:49:29,012 - INFO - Memory Usage: 68.9%
2023-07-29 17:49:29,012 - INFO - Disk Usage: 90.2%
2023-07-29 17:49:29,012 - WARNING - Scale up your system: Device usage is more than 80% at 2023-07-29 17:49:29.
2023-07-29 17:49:30,599 - INFO - CPU Usage: 2.8%
2023-07-29 17:49:30,599 - INFO - Memory Usage: 69.0%
2023-07-29 17:49:30,599 - INFO - Disk Usage: 90.2%
2023-07-29 17:49:30,599 - WARNING - Scale up your system: Device usage is more than 80% at 2023-07-29 17:49:30.
2023-07-29 17:49:31,013 - INFO - CPU Usage: 3.5%
2023-07-29 17:49:31,013 - INFO - Memory Usage: 69.0%
2023-07-29 17:49:31,013 - INFO - Disk Usage: 90.2%
2023-07-29 17:49:31,013 - WARNING - Scale up your system: Device usage is more than 80% at 2023-07-29 17:49:31.
2023-07-29 17:49:32,600 - INFO - CPU Usage: 2.6%
2023-07-29 17:49:32,600 - INFO - Memory Usage: 69.0%
2023-07-29 17:49:32,600 - INFO - Disk Usage: 90.2%
2023-07-29 17:49:32,600 - WARNING - Scale up your system: Device usage is more than 80% at 2023-07-29 17:49:32.
2023-07-29 17:49:33,016 - INFO - CPU Usage: 3.1%
2023-07-29 17:49:33,016 - INFO - Memory Usage: 69.0%
2023-07-29 17:49:33,016 - INFO - Disk Usage: 90.2%
2023-07-29 17:49:33,016 - WARNING - Scale up your system: Device usage is more than 80% at 2023-07-29 17:49:33.
2023-07-29 17:49:34,602 - INFO - CPU Usage: 6.7%
2023-07-29 17:49:34,602 - INFO - Memory Usage: 69.0%
2023-07-29 17:49:34,602 - INFO - Disk Usage: 90.2%
2023-07-29 17:49:34,602 - WARNING - Scale up your system: Device usage is more than 80% at 2023-07-29 17:49:34.
2023-07-29 17:49:34,822 - INFO - 127.0.0.1 - - [29/Jul/2023 17:49:34] "GET /get_metrics HTTP/1.1" 200 -
2023-07-29 17:49:35,017 - INFO - CPU Usage: 4.1%
2023-07-29 17:49:35,017 - INFO - Memory Usage: 69.0%
2023-07-29 17:49:35,017 - INFO - Disk Usage: 90.2%
2023-07-29 17:49:35,018 - WARNING - Scale up your system: Device usage is more than 80% at 2023-07-29 17:49:35.
2023-07-29 17:49:35,061 - INFO - 127.0.0.1 - - [29/Jul/2023 17:49:35] "GET /get_metrics HTTP/1.1" 200 -
2023-07-29 17:49:36,603 - INFO - CPU Usage: 2.2%
2023-07-29 17:49:36,603 - INFO - Memory Usage: 69.1%
2023-07-29 17:49:36,603 - INFO - Disk Usage: 90.2%
2023-07-29 17:49:36,603 - WARNING - Scale up your system: Device usage is more than 80% at 2023-07-29 17:49:36.
2023-07-29 17:49:37,018 - INFO - CPU Usage: 1.0%
2023-07-29 17:49:37,019 - INFO - Memory Usage: 69.1%
2023-07-29 17:49:37,019 - INFO - Disk Usage: 90.2%
2023-07-29 17:49:37,019 - WARNING - Scale up your system: Device usage is more than 80% at 2023-07-29 17:49:37.
2023-07-29 17:49:37,046 - INFO - 127.0.0.1 - - [29/Jul/2023 17:49:37] "GET /get_metrics HTTP/1.1" 200 -
2023-07-29 17:49:38,604 - INFO - CPU Usage: 1.0%
2023-07-29 17:49:38,604 - INFO - Memory Usage: 69.1%
2023-07-29 17:49:38,604 - INFO - Disk Usage: 90.2%
2023-07-29 17:49:38,605 - WARNING - Scale up your system: Device usage is more than 80% at 2023-07-29 17:49:38.
2023-07-29 17:49:39,020 - INFO - CPU Usage: 0.9%
2023-07-29 17:49:39,020 - INFO - Memory Usage: 69.1%
2023-07-29 17:49:39,020 - INFO - Disk Usage: 90.2%
2023-07-29 17:49:39,020 - WARNING - Scale up your system: Device usage is more than 80% at 2023-07-29 17:49:39.
2023-07-29 17:49:39,051 - INFO - 127.0.0.1 - - [29/Jul/2023 17:49:39] "GET /get_metrics HTTP/1.1" 200 -
2023-07-29 17:49:40,606 - INFO - CPU Usage: 0.8%
2023-07-29 17:49:40,606 - INFO - Memory Usage: 69.0%
2023-07-29 17:49:40,606 - INFO - Disk Usage: 90.2%
2023-07-29 17:49:40,606 - WARNING - Scale up your system: Device usage is more than 80% at 2023-07-29 17:49:40.
2023-07-29 17:49:41,022 - INFO - CPU Usage: 0.7%
2023-07-29 17:49:41,022 - INFO - Memory Usage: 69.0%
2023-07-29 17:49:41,022 - INFO - Disk Usage: 90.2%
2023-07-29 17:49:41,022 - WARNING - Scale up your system: Device usage is more than 80% at 2023-07-29 17:49:41.
2023-07-29 17:49:41,055 - INFO - 127.0.0.1 - - [29/Jul/2023 17:49:41] "GET /get_metrics HTTP/1.1" 200 -
2023-07-29 17:49:42,607 - INFO - CPU Usage: 1.1%
2023-07-29 17:49:42,607 - INFO - Memory Usage: 68.7%
2023-07-29 17:49:42,607 - INFO - Disk Usage: 90.2%
2023-07-29 17:49:42,607 - WARNING - Scale up your system: Device usage is more than 80% at 2023-07-29 17:49:42.
2023-07-29 17:49:43,023 - INFO - CPU Usage: 1.2%
2023-07-29 17:49:43,023 - INFO - Memory Usage: 68.7%
2023-07-29 17:49:43,023 - INFO - Disk Usage: 90.2%
2023-07-29 17:49:43,023 - WARNING - Scale up your system: Device usage is more than 80% at 2023-07-29 17:49:43.
2023-07-29 17:49:43,058 - INFO - 127.0.0.1 - - [29/Jul/2023 17:49:43] "GET /get_metrics HTTP/1.1" 200 -
2023-07-29 17:49:44,608 - INFO - CPU Usage: 1.9%
2023-07-29 17:49:44,608 - INFO - Memory Usage: 68.7%
2023-07-29 17:49:44,608 - INFO - Disk Usage: 90.2%
2023-07-29 17:49:44,608 - WARNING - Scale up your system: Device usage is more than 80% at 2023-07-29 17:49:44.
2023-07-29 17:49:45,024 - INFO - CPU Usage: 2.3%
2023-07-29 17:49:45,024 - INFO - Memory Usage: 68.7%
2023-07-29 17:49:45,024 - INFO - Disk Usage: 90.2%
2023-07-29 17:49:45,024 - WARNING - Scale up your system: Device usage is more than 80% at 2023-07-29 17:49:45.
2023-07-29 17:49:45,943 - INFO - 127.0.0.1 - - [29/Jul/2023 17:49:45] "GET /get_metrics HTTP/1.1" 200 -
2023-07-29 17:49:46,609 - INFO - CPU Usage: 3.1%
2023-07-29 17:49:46,609 - INFO - Memory Usage: 68.5%
2023-07-29 17:49:46,609 - INFO - Disk Usage: 90.2%
2023-07-29 17:49:46,609 - WARNING - Scale up your system: Device usage is more than 80% at 2023-07-29 17:49:46.
2023-07-29 17:49:47,024 - INFO - CPU Usage: 3.3%
2023-07-29 17:49:47,024 - INFO - Memory Usage: 68.7%
2023-07-29 17:49:47,024 - INFO - Disk Usage: 90.2%
2023-07-29 17:49:47,024 - WARNING - Scale up your system: Device usage is more than 80% at 2023-07-29 17:49:47.
2023-07-29 17:49:47,939 - INFO - 127.0.0.1 - - [29/Jul/2023 17:49:47] "GET /get_metrics HTTP/1.1" 200 -
2023-07-29 17:49:48,611 - INFO - CPU Usage: 7.6%
2023-07-29 17:49:48,611 - INFO - Memory Usage: 68.8%
2023-07-29 17:49:48,611 - INFO - Disk Usage: 90.2%
2023-07-29 17:49:48,611 - WARNING - Scale up your system: Device usage is more than 80% at 2023-07-29 17:49:48.
2023-07-29 17:49:49,025 - INFO - CPU Usage: 10.5%
2023-07-29 17:49:49,025 - INFO - Memory Usage: 68.8%
2023-07-29 17:49:49,025 - INFO - Disk Usage: 90.2%
2023-07-29 17:49:49,025 - WARNING - Scale up your system: Device usage is more than 80% at 2023-07-29 17:49:49.
2023-07-29 17:49:49,941 - INFO - 127.0.0.1 - - [29/Jul/2023 17:49:49] "GET /get_metrics HTTP/1.1" 200 -
2023-07-29 17:49:50,613 - INFO - CPU Usage: 3.7%
2023-07-29 17:49:50,613 - INFO - Memory Usage: 68.9%
2023-07-29 17:49:50,613 - INFO - Disk Usage: 90.2%
2023-07-29 17:49:50,613 - WARNING - Scale up your system: Device usage is more than 80% at 2023-07-29 17:49:50.
2023-07-29 17:49:51,027 - INFO - CPU Usage: 5.6%
2023-07-29 17:49:51,028 - INFO - Memory Usage: 68.9%
2023-07-29 17:49:51,028 - INFO - Disk Usage: 90.2%
2023-07-29 17:49:51,028 - WARNING - Scale up your system: Device usage is more than 80% at 2023-07-29 17:49:51.
2023-07-29 17:49:51,939 - INFO - 127.0.0.1 - - [29/Jul/2023 17:49:51] "GET /get_metrics HTTP/1.1" 200 -
2023-07-29 17:49:52,614 - INFO - CPU Usage: 3.3%
2023-07-29 17:49:52,614 - INFO - Memory Usage: 68.7%
2023-07-29 17:49:52,614 - INFO - Disk Usage: 90.2%
2023-07-29 17:49:52,615 - WARNING - Scale up your system: Device usage is more than 80% at 2023-07-29 17:49:52.
2023-07-29 17:49:53,029 - INFO - CPU Usage: 2.4%
2023-07-29 17:49:53,029 - INFO - Memory Usage: 68.7%
2023-07-29 17:49:53,029 - INFO - Disk Usage: 90.2%
2023-07-29 17:49:53,029 - WARNING - Scale up your system: Device usage is more than 80% at 2023-07-29 17:49:53.
2023-07-29 17:49:53,936 - INFO - 127.0.0.1 - - [29/Jul/2023 17:49:53] "GET /get_metrics HTTP/1.1" 200 -
2023-07-29 17:49:54,616 - INFO - CPU Usage: 1.0%
2023-07-29 17:49:54,616 - INFO - Memory Usage: 68.7%
2023-07-29 17:49:54,616 - INFO - Disk Usage: 90.2%
2023-07-29 17:49:54,617 - WARNING - Scale up your system: Device usage is more than 80% at 2023-07-29 17:49:54.
2023-07-29 17:49:55,031 - INFO - CPU Usage: 3.2%
2023-07-29 17:49:55,031 - INFO - Memory Usage: 68.7%
2023-07-29 17:49:55,031 - INFO - Disk Usage: 90.2%
2023-07-29 17:49:55,031 - WARNING - Scale up your system: Device usage is more than 80% at 2023-07-29 17:49:55.
2023-07-29 17:49:55,932 - INFO - 127.0.0.1 - - [29/Jul/2023 17:49:55] "GET /get_metrics HTTP/1.1" 200 -
2023-07-29 17:49:56,617 - INFO - CPU Usage: 3.2%
2023-07-29 17:49:56,617 - INFO - Memory Usage: 68.7%
2023-07-29 17:49:56,617 - INFO - Disk Usage: 90.2%
2023-07-29 17:49:56,617 - WARNING - Scale up your system: Device usage is more than 80% at 2023-07-29 17:49:56.
2023-07-29 17:49:57,032 - INFO - CPU Usage: 9.0%
2023-07-29 17:49:57,032 - INFO - Memory Usage: 68.8%
2023-07-29 17:49:57,032 - INFO - Disk Usage: 90.2%
2023-07-29 17:49:57,032 - WARNING - Scale up your system: Device usage is more than 80% at 2023-07-29 17:49:57.
2023-07-29 17:49:57,943 - INFO - 127.0.0.1 - - [29/Jul/2023 17:49:57] "GET /get_metrics HTTP/1.1" 200 -
2023-07-29 17:49:58,618 - INFO - CPU Usage: 10.6%
2023-07-29 17:49:58,618 - INFO - Memory Usage: 69.1%
2023-07-29 17:49:58,619 - INFO - Disk Usage: 90.2%
2023-07-29 17:49:58,619 - WARNING - Scale up your system: Device usage is more than 80% at 2023-07-29 17:49:58.
2023-07-29 17:49:59,032 - INFO - CPU Usage: 3.2%
2023-07-29 17:49:59,032 - INFO - Memory Usage: 69.1%
2023-07-29 17:49:59,032 - INFO - Disk Usage: 90.2%
2023-07-29 17:49:59,032 - WARNING - Scale up your system: Device usage is more than 80% at 2023-07-29 17:49:59.
2023-07-29 17:49:59,940 - INFO - 127.0.0.1 - - [29/Jul/2023 17:49:59] "GET /get_metrics HTTP/1.1" 200 -
2023-07-29 17:50:00,620 - INFO - CPU Usage: 3.4%
2023-07-29 17:50:00,620 - INFO - Memory Usage: 69.1%
2023-07-29 17:50:00,620 - INFO - Disk Usage: 90.2%
2023-07-29 17:50:00,620 - WARNING - Scale up your system: Device usage is more than 80% at 2023-07-29 17:50:00.
2023-07-29 17:50:01,033 - INFO - CPU Usage: 5.2%
2023-07-29 17:50:01,033 - INFO - Memory Usage: 69.3%
2023-07-29 17:50:01,033 - INFO - Disk Usage: 90.2%
2023-07-29 17:50:01,034 - WARNING - Scale up your system: Device usage is more than 80% at 2023-07-29 17:50:01.
2023-07-29 17:50:01,937 - INFO - 127.0.0.1 - - [29/Jul/2023 17:50:01] "GET /get_metrics HTTP/1.1" 200 -
2023-07-29 17:50:02,621 - INFO - CPU Usage: 6.0%
2023-07-29 17:50:02,621 - INFO - Memory Usage: 69.2%
2023-07-29 17:50:02,621 - INFO - Disk Usage: 90.2%
2023-07-29 17:50:02,621 - WARNING - Scale up your system: Device usage is more than 80% at 2023-07-29 17:50:02.
2023-07-29 17:50:03,035 - INFO - CPU Usage: 4.7%
2023-07-29 17:50:03,035 - INFO - Memory Usage: 69.2%
2023-07-29 17:50:03,035 - INFO - Disk Usage: 90.2%
2023-07-29 17:50:03,035 - WARNING - Scale up your system: Device usage is more than 80% at 2023-07-29 17:50:03.
2023-07-29 17:50:03,938 - INFO - 127.0.0.1 - - [29/Jul/2023 17:50:03] "GET /get_metrics HTTP/1.1" 200 -
2023-07-29 17:50:04,622 - INFO - CPU Usage: 3.4%
2023-07-29 17:50:04,622 - INFO - Memory Usage: 69.3%
2023-07-29 17:50:04,622 - INFO - Disk Usage: 90.2%
2023-07-29 17:50:04,622 - WARNING - Scale up your system: Device usage is more than 80% at 2023-07-29 17:50:04.
2023-07-29 17:50:05,037 - INFO - CPU Usage: 8.4%
2023-07-29 17:50:05,037 - INFO - Memory Usage: 69.4%
2023-07-29 17:50:05,038 - INFO - Disk Usage: 90.2%
2023-07-29 17:50:05,038 - WARNING - Scale up your system: Device usage is more than 80% at 2023-07-29 17:50:05.
2023-07-29 17:50:05,937 - INFO - 127.0.0.1 - - [29/Jul/2023 17:50:05] "GET /get_metrics HTTP/1.1" 200 -
2023-07-29 17:50:06,623 - INFO - CPU Usage: 10.4%
2023-07-29 17:50:06,623 - INFO - Memory Usage: 69.0%
2023-07-29 17:50:06,623 - INFO - Disk Usage: 90.2%
2023-07-29 17:50:06,623 - WARNING - Scale up your system: Device usage is more than 80% at 2023-07-29 17:50:06.
2023-07-29 17:50:07,038 - INFO - CPU Usage: 3.8%
2023-07-29 17:50:07,038 - INFO - Memory Usage: 69.2%
2023-07-29 17:50:07,038 - INFO - Disk Usage: 90.2%
2023-07-29 17:50:07,038 - WARNING - Scale up your system: Device usage is more than 80% at 2023-07-29 17:50:07.
2023-07-29 17:50:07,936 - INFO - 127.0.0.1 - - [29/Jul/2023 17:50:07] "GET /get_metrics HTTP/1.1" 200 -
2023-07-29 17:50:08,624 - INFO - CPU Usage: 4.1%
2023-07-29 17:50:08,624 - INFO - Memory Usage: 69.1%
2023-07-29 17:50:08,624 - INFO - Disk Usage: 90.2%
2023-07-29 17:50:08,625 - WARNING - Scale up your system: Device usage is more than 80% at 2023-07-29 17:50:08.
2023-07-29 17:50:09,039 - INFO - CPU Usage: 3.1%
2023-07-29 17:50:09,039 - INFO - Memory Usage: 69.1%
2023-07-29 17:50:09,039 - INFO - Disk Usage: 90.2%
2023-07-29 17:50:09,040 - WARNING - Scale up your system: Device usage is more than 80% at 2023-07-29 17:50:09.
2023-07-29 17:50:09,935 - INFO - 127.0.0.1 - - [29/Jul/2023 17:50:09] "GET /get_metrics HTTP/1.1" 200 -
2023-07-29 17:50:10,625 - INFO - CPU Usage: 4.2%
2023-07-29 17:50:10,626 - INFO - Memory Usage: 69.0%
2023-07-29 17:50:10,626 - INFO - Disk Usage: 90.2%
2023-07-29 17:50:10,626 - WARNING - Scale up your system: Device usage is more than 80% at 2023-07-29 17:50:10.
2023-07-29 17:50:11,041 - INFO - CPU Usage: 4.9%
2023-07-29 17:50:11,041 - INFO - Memory Usage: 69.0%
2023-07-29 17:50:11,041 - INFO - Disk Usage: 90.2%
2023-07-29 17:50:11,041 - WARNING - Scale up your system: Device usage is more than 80% at 2023-07-29 17:50:11.
2023-07-29 17:50:11,933 - INFO - 127.0.0.1 - - [29/Jul/2023 17:50:11] "GET /get_metrics HTTP/1.1" 200 -
2023-07-29 17:50:12,627 - INFO - CPU Usage: 3.2%
2023-07-29 17:50:12,627 - INFO - Memory Usage: 68.9%
2023-07-29 17:50:12,627 - INFO - Disk Usage: 90.2%
2023-07-29 17:50:12,627 - WARNING - Scale up your system: Device usage is more than 80% at 2023-07-29 17:50:12.
2023-07-29 17:50:13,043 - INFO - CPU Usage: 1.4%
2023-07-29 17:50:13,043 - INFO - Memory Usage: 69.0%
2023-07-29 17:50:13,043 - INFO - Disk Usage: 90.2%
2023-07-29 17:50:13,043 - WARNING - Scale up your system: Device usage is more than 80% at 2023-07-29 17:50:13.
2023-07-29 17:50:13,942 - INFO - 127.0.0.1 - - [29/Jul/2023 17:50:13] "GET /get_metrics HTTP/1.1" 200 -
2023-07-29 17:50:14,628 - INFO - CPU Usage: 4.7%
2023-07-29 17:50:14,628 - INFO - Memory Usage: 68.7%
2023-07-29 17:50:14,628 - INFO - Disk Usage: 90.2%
2023-07-29 17:50:14,628 - WARNING - Scale up your system: Device usage is more than 80% at 2023-07-29 17:50:14.
2023-07-29 17:50:15,043 - INFO - CPU Usage: 5.9%
2023-07-29 17:50:15,043 - INFO - Memory Usage: 68.7%
2023-07-29 17:50:15,043 - INFO - Disk Usage: 90.2%
2023-07-29 17:50:15,043 - WARNING - Scale up your system: Device usage is more than 80% at 2023-07-29 17:50:15.
2023-07-29 17:50:15,939 - INFO - 127.0.0.1 - - [29/Jul/2023 17:50:15] "GET /get_metrics HTTP/1.1" 200 -
2023-07-29 17:50:16,629 - INFO - CPU Usage: 2.3%
2023-07-29 17:50:16,629 - INFO - Memory Usage: 68.7%
2023-07-29 17:50:16,629 - INFO - Disk Usage: 90.2%
2023-07-29 17:50:16,629 - WARNING - Scale up your system: Device usage is more than 80% at 2023-07-29 17:50:16.
2023-07-29 17:50:17,044 - INFO - CPU Usage: 2.1%
2023-07-29 17:50:17,044 - INFO - Memory Usage: 68.6%
2023-07-29 17:50:17,044 - INFO - Disk Usage: 90.2%
2023-07-29 17:50:17,044 - WARNING - Scale up your system: Device usage is more than 80% at 2023-07-29 17:50:17.
2023-07-29 17:50:17,936 - INFO - 127.0.0.1 - - [29/Jul/2023 17:50:17] "GET /get_metrics HTTP/1.1" 200 -
2023-07-29 17:50:18,630 - INFO - CPU Usage: 2.0%
2023-07-29 17:50:18,630 - INFO - Memory Usage: 68.7%
2023-07-29 17:50:18,630 - INFO - Disk Usage: 90.2%
2023-07-29 17:50:18,631 - WARNING - Scale up your system: Device usage is more than 80% at 2023-07-29 17:50:18.
2023-07-29 17:50:19,046 - INFO - CPU Usage: 2.0%
2023-07-29 17:50:19,046 - INFO - Memory Usage: 68.7%
2023-07-29 17:50:19,046 - INFO - Disk Usage: 90.2%
2023-07-29 17:50:19,046 - WARNING - Scale up your system: Device usage is more than 80% at 2023-07-29 17:50:19.
2023-07-29 17:50:19,935 - INFO - 127.0.0.1 - - [29/Jul/2023 17:50:19] "GET /get_metrics HTTP/1.1" 200 -
2023-07-29 17:50:20,632 - INFO - CPU Usage: 1.2%
2023-07-29 17:50:20,632 - INFO - Memory Usage: 68.7%
2023-07-29 17:50:20,632 - INFO - Disk Usage: 90.2%
2023-07-29 17:50:20,632 - WARNING - Scale up your system: Device usage is more than 80% at 2023-07-29 17:50:20.
2023-07-29 17:50:21,047 - INFO - CPU Usage: 1.2%
2023-07-29 17:50:21,047 - INFO - Memory Usage: 68.7%
2023-07-29 17:50:21,047 - INFO - Disk Usage: 90.2%
2023-07-29 17:50:21,047 - WARNING - Scale up your system: Device usage is more than 80% at 2023-07-29 17:50:21.
2023-07-29 17:50:21,936 - INFO - 127.0.0.1 - - [29/Jul/2023 17:50:21] "GET /get_metrics HTTP/1.1" 200 -
2023-07-29 17:50:22,633 - INFO - CPU Usage: 0.8%
2023-07-29 17:50:22,633 - INFO - Memory Usage: 68.7%
2023-07-29 17:50:22,633 - INFO - Disk Usage: 90.2%
2023-07-29 17:50:22,633 - WARNING - Scale up your system: Device usage is more than 80% at 2023-07-29 17:50:22.
2023-07-29 17:50:23,048 - INFO - CPU Usage: 1.1%
2023-07-29 17:50:23,048 - INFO - Memory Usage: 68.8%
2023-07-29 17:50:23,049 - INFO - Disk Usage: 90.2%
2023-07-29 17:50:23,049 - WARNING - Scale up your system: Device usage is more than 80% at 2023-07-29 17:50:23.
2023-07-29 17:50:23,971 - INFO - 127.0.0.1 - - [29/Jul/2023 17:50:23] "GET /get_metrics HTTP/1.1" 200 -
2023-07-29 17:50:24,634 - INFO - CPU Usage: 9.0%
2023-07-29 17:50:24,634 - INFO - Memory Usage: 69.0%
2023-07-29 17:50:24,634 - INFO - Disk Usage: 90.2%
2023-07-29 17:50:24,634 - WARNING - Scale up your system: Device usage is more than 80% at 2023-07-29 17:50:24.
2023-07-29 17:50:25,050 - INFO - CPU Usage: 14.8%
2023-07-29 17:50:25,050 - INFO - Memory Usage: 69.0%
2023-07-29 17:50:25,050 - INFO - Disk Usage: 90.2%
2023-07-29 17:50:25,050 - WARNING - Scale up your system: Device usage is more than 80% at 2023-07-29 17:50:25.
